INFO    2020-10-31 10:34:09,328 [main] br.edu.danilo.enums.map.MapUsingEnumAsKey  - Name: Danilo
INFO    2020-10-31 10:34:09,329 [main] br.edu.danilo.enums.map.MapUsingEnumAsKey  - LastName: Carvalho
INFO    2020-10-31 10:45:41,271 [main] br.edu.danilo.enums.map.MapUsingEnumAsKey  - Starting
INFO    2020-10-31 10:45:41,275 [main] br.edu.danilo.enums.map.MapUsingEnumAsKeyAddress  - KEY: COUNTRY Value: Brazil
INFO    2020-10-31 10:45:41,275 [main] br.edu.danilo.enums.map.MapUsingEnumAsKeyAddress  - KEY: REGION Value: SRS
INFO    2020-10-31 10:45:41,276 [main] br.edu.danilo.enums.map.MapUsingEnumAsKeyAddress  - Address: {REGION=SRS, COUNTRY=Brazil}
INFO    2020-10-31 10:45:41,277 [main] br.edu.danilo.enums.map.MapUsingEnumAsKey  - Ending
INFO    2020-10-31 10:53:52,732 [main] br.edu.danilo.enums.map.MapUsingEnumAsKey  - Starting
INFO    2020-10-31 10:53:52,736 [main] br.edu.danilo.enums.map.MapUsingEnumAsKeyAddress  - KEY: COUNTRY Value: Brazil
INFO    2020-10-31 10:53:52,736 [main] br.edu.danilo.enums.map.MapUsingEnumAsKeyAddress  - KEY: REGION Value: SRS
INFO    2020-10-31 10:53:52,737 [main] br.edu.danilo.enums.map.MapUsingEnumAsKeyAddress  - Address: {REGION=SRS, COUNTRY=Brazil}
INFO    2020-10-31 10:53:52,739 [main] br.edu.danilo.enums.map.MapUsingEnumAsKeyName  - KEY: NAME Value: Danilo
INFO    2020-10-31 10:53:52,739 [main] br.edu.danilo.enums.map.MapUsingEnumAsKeyName  - KEY: LAST_NAME Value: Carvalho
INFO    2020-10-31 10:53:52,739 [main] br.edu.danilo.enums.map.MapUsingEnumAsKeyName  - Names: {NAME=Danilo, LAST_NAME=Carvalho}
INFO    2020-10-31 10:53:52,739 [main] br.edu.danilo.enums.map.MapUsingEnumAsKey  - Ending
INFO    2020-10-31 11:00:35,611 [main] br.edu.danilo.enums.map.MapUsingEnumAsKey  - Starting
INFO    2020-10-31 11:00:35,615 [main] br.edu.danilo.enums.map.MapUsingEnumAsKeyAddress  - KEY: COUNTRY Value: Brazil
INFO    2020-10-31 11:00:35,615 [main] br.edu.danilo.enums.map.MapUsingEnumAsKeyAddress  - KEY: REGION Value: SRS
INFO    2020-10-31 11:00:35,616 [main] br.edu.danilo.enums.map.MapUsingEnumAsKeyAddress  - Address: {REGION=SRS, COUNTRY=Brazil}
INFO    2020-10-31 11:00:35,618 [main] br.edu.danilo.enums.map.MapUsingEnumAsKeyName  - KEY: NAME Value: Danilo
INFO    2020-10-31 11:00:35,619 [main] br.edu.danilo.enums.map.MapUsingEnumAsKeyName  - KEY: LAST_NAME Value: Carvalho
INFO    2020-10-31 11:00:35,620 [main] br.edu.danilo.enums.map.MapUsingEnumAsKeyName  - Names: {NAME=Danilo, LAST_NAME=Carvalho}
INFO    2020-10-31 11:00:35,621 [main] br.edu.danilo.enums.map.MapUsingEnumAsKey  - Country: Brazil
INFO    2020-10-31 11:00:35,622 [main] br.edu.danilo.enums.map.MapUsingEnumAsKey  - Name: Danilo
INFO    2020-10-31 11:00:35,622 [main] br.edu.danilo.enums.map.MapUsingEnumAsKey  - Ending
INFO    2020-10-31 11:08:13,604 [main] br.edu.danilo.enums.map.MapUsingEnumAsKey  - Starting
INFO    2020-10-31 11:08:13,611 [main] br.edu.danilo.enums.map.MapUsingEnumAsKeyAddress  - KEY: COUNTRY Value: Brazil
INFO    2020-10-31 11:08:13,611 [main] br.edu.danilo.enums.map.MapUsingEnumAsKeyAddress  - KEY: REGION Value: SRS
INFO    2020-10-31 11:08:13,613 [main] br.edu.danilo.enums.map.MapUsingEnumAsKeyAddress  - Address: {REGION=SRS, COUNTRY=Brazil}
INFO    2020-10-31 11:08:13,615 [main] br.edu.danilo.enums.map.MapUsingEnumAsKeyName  - KEY: NAME Value: Danilo
INFO    2020-10-31 11:08:13,616 [main] br.edu.danilo.enums.map.MapUsingEnumAsKeyName  - KEY: LAST_NAME Value: Carvalho
INFO    2020-10-31 11:08:13,616 [main] br.edu.danilo.enums.map.MapUsingEnumAsKeyName  - Names: {NAME=Danilo, LAST_NAME=Carvalho}
INFO    2020-10-31 11:08:13,616 [main] br.edu.danilo.enums.map.MapUsingEnumAsKey  - Country: Brazil
INFO    2020-10-31 11:08:13,616 [main] br.edu.danilo.enums.map.MapUsingEnumAsKey  - Name: Danilo
INFO    2020-10-31 11:08:13,616 [main] br.edu.danilo.enums.map.MapUsingEnumAsKey  - Ending
INFO    2020-10-31 11:11:45,941 [main] br.edu.danilo.enums.map.main.MapUsingEnumAsKey  - Starting
INFO    2020-10-31 11:11:45,944 [main] br.edu.danilo.enums.map.domain.MapUsingEnumAsKeyAddress  - KEY: COUNTRY Value: Brazil
INFO    2020-10-31 11:11:45,945 [main] br.edu.danilo.enums.map.domain.MapUsingEnumAsKeyAddress  - KEY: REGION Value: SRS
INFO    2020-10-31 11:11:45,945 [main] br.edu.danilo.enums.map.domain.MapUsingEnumAsKeyAddress  - Address: {REGION=SRS, COUNTRY=Brazil}
INFO    2020-10-31 11:11:45,947 [main] br.edu.danilo.enums.map.domain.MapUsingEnumAsKeyName  - KEY: NAME Value: Danilo
INFO    2020-10-31 11:11:45,947 [main] br.edu.danilo.enums.map.domain.MapUsingEnumAsKeyName  - KEY: LAST_NAME Value: Carvalho
INFO    2020-10-31 11:11:45,947 [main] br.edu.danilo.enums.map.domain.MapUsingEnumAsKeyName  - Names: {NAME=Danilo, LAST_NAME=Carvalho}
INFO    2020-10-31 11:11:45,947 [main] br.edu.danilo.enums.map.main.MapUsingEnumAsKey  - Country: Brazil
INFO    2020-10-31 11:11:45,947 [main] br.edu.danilo.enums.map.main.MapUsingEnumAsKey  - Name: Danilo
INFO    2020-10-31 11:11:45,947 [main] br.edu.danilo.enums.map.main.MapUsingEnumAsKey  - Ending
